2025-09-16 23:48:13,885 - INFO - Starting LinkedIn job scraping pipeline...
2025-09-16 23:48:22,921 - INFO - Chrome WebDriver initialized successfully
2025-09-16 23:48:22,924 - INFO - Searching LinkedIn for: AI ML engineer in India
2025-09-16 23:48:38,526 - INFO - Found 70 job cards
2025-09-16 23:48:38,583 - WARNING - Error extracting job card: Message: no such element: Unable to locate element: {"method":"css selector","selector":".job-search-card__title"}
  (Session info: chrome=140.0.7339.128); For documentation on this error, please visit: https://www.selenium.dev/documentation/webdriver/troubleshooting/errors#nosuchelementexception
Stacktrace:
	GetHandleVerifier [0x0x7ff6f50dfc95+79861]
	GetHandleVerifier [0x0x7ff6f50dfcf0+79952]
	(No symbol) [0x0x7ff6f4e5cada]
	(No symbol) [0x0x7ff6f4eb4457]
	(No symbol) [0x0x7ff6f4eb471c]
	(No symbol) [0x0x7ff6f4ea6d0c]
	(No symbol) [0x0x7ff6f4edcb1f]
	(No symbol) [0x0x7ff6f4ea6bc6]
	(No symbol) [0x0x7ff6f4edccf0]
	(No symbol) [0x0x7ff6f4f04f8b]
	(No symbol) [0x0x7ff6f4edc8b3]
	(No symbol) [0x0x7ff6f4ea5272]
	(No symbol) [0x0x7ff6f4ea6043]
	GetHandleVerifier [0x0x7ff6f539b9cd+2946349]
	GetHandleVerifier [0x0x7ff6f5395c4a+2922410]
	GetHandleVerifier [0x0x7ff6f53b59d7+3052855]
	GetHandleVerifier [0x0x7ff6f50faa7e+189918]
	GetHandleVerifier [0x0x7ff6f5102a1f+222591]
	GetHandleVerifier [0x0x7ff6f50e8ab4+116244]
	GetHandleVerifier [0x0x7ff6f50e8c69+116681]
	GetHandleVerifier [0x0x7ff6f50cf048+11176]
	BaseThreadInitThunk [0x0x7ffcb4ea259d+29]
	RtlUserThreadStart [0x0x7ffcb6e2af78+40]

2025-09-16 23:48:38,599 - WARNING - Error extracting job card: Message: no such element: Unable to locate element: {"method":"css selector","selector":".job-search-card__title"}
  (Session info: chrome=140.0.7339.128); For documentation on this error, please visit: https://www.selenium.dev/documentation/webdriver/troubleshooting/errors#nosuchelementexception
Stacktrace:
	GetHandleVerifier [0x0x7ff6f50dfc95+79861]
	GetHandleVerifier [0x0x7ff6f50dfcf0+79952]
	(No symbol) [0x0x7ff6f4e5cada]
	(No symbol) [0x0x7ff6f4eb4457]
	(No symbol) [0x0x7ff6f4eb471c]
	(No symbol) [0x0x7ff6f4ea6d0c]
	(No symbol) [0x0x7ff6f4edcb1f]
	(No symbol) [0x0x7ff6f4ea6bc6]
	(No symbol) [0x0x7ff6f4edccf0]
	(No symbol) [0x0x7ff6f4f04f8b]
	(No symbol) [0x0x7ff6f4edc8b3]
	(No symbol) [0x0x7ff6f4ea5272]
	(No symbol) [0x0x7ff6f4ea6043]
	GetHandleVerifier [0x0x7ff6f539b9cd+2946349]
	GetHandleVerifier [0x0x7ff6f5395c4a+2922410]
	GetHandleVerifier [0x0x7ff6f53b59d7+3052855]
	GetHandleVerifier [0x0x7ff6f50faa7e+189918]
	GetHandleVerifier [0x0x7ff6f5102a1f+222591]
	GetHandleVerifier [0x0x7ff6f50e8ab4+116244]
	GetHandleVerifier [0x0x7ff6f50e8c69+116681]
	GetHandleVerifier [0x0x7ff6f50cf048+11176]
	BaseThreadInitThunk [0x0x7ffcb4ea259d+29]
	RtlUserThreadStart [0x0x7ffcb6e2af78+40]

2025-09-16 23:48:38,614 - WARNING - Error extracting job card: Message: no such element: Unable to locate element: {"method":"css selector","selector":".job-search-card__title"}
  (Session info: chrome=140.0.7339.128); For documentation on this error, please visit: https://www.selenium.dev/documentation/webdriver/troubleshooting/errors#nosuchelementexception
Stacktrace:
	GetHandleVerifier [0x0x7ff6f50dfc95+79861]
	GetHandleVerifier [0x0x7ff6f50dfcf0+79952]
	(No symbol) [0x0x7ff6f4e5cada]
	(No symbol) [0x0x7ff6f4eb4457]
	(No symbol) [0x0x7ff6f4eb471c]
	(No symbol) [0x0x7ff6f4ea6d0c]
	(No symbol) [0x0x7ff6f4edcb1f]
	(No symbol) [0x0x7ff6f4ea6bc6]
	(No symbol) [0x0x7ff6f4edccf0]
	(No symbol) [0x0x7ff6f4f04f8b]
	(No symbol) [0x0x7ff6f4edc8b3]
	(No symbol) [0x0x7ff6f4ea5272]
	(No symbol) [0x0x7ff6f4ea6043]
	GetHandleVerifier [0x0x7ff6f539b9cd+2946349]
	GetHandleVerifier [0x0x7ff6f5395c4a+2922410]
	GetHandleVerifier [0x0x7ff6f53b59d7+3052855]
	GetHandleVerifier [0x0x7ff6f50faa7e+189918]
	GetHandleVerifier [0x0x7ff6f5102a1f+222591]
	GetHandleVerifier [0x0x7ff6f50e8ab4+116244]
	GetHandleVerifier [0x0x7ff6f50e8c69+116681]
	GetHandleVerifier [0x0x7ff6f50cf048+11176]
	BaseThreadInitThunk [0x0x7ffcb4ea259d+29]
	RtlUserThreadStart [0x0x7ffcb6e2af78+40]

2025-09-16 23:48:38,624 - WARNING - Error extracting job card: Message: no such element: Unable to locate element: {"method":"css selector","selector":".job-search-card__title"}
  (Session info: chrome=140.0.7339.128); For documentation on this error, please visit: https://www.selenium.dev/documentation/webdriver/troubleshooting/errors#nosuchelementexception
Stacktrace:
	GetHandleVerifier [0x0x7ff6f50dfc95+79861]
	GetHandleVerifier [0x0x7ff6f50dfcf0+79952]
	(No symbol) [0x0x7ff6f4e5cada]
	(No symbol) [0x0x7ff6f4eb4457]
	(No symbol) [0x0x7ff6f4eb471c]
	(No symbol) [0x0x7ff6f4ea6d0c]
	(No symbol) [0x0x7ff6f4edcb1f]
	(No symbol) [0x0x7ff6f4ea6bc6]
	(No symbol) [0x0x7ff6f4edccf0]
	(No symbol) [0x0x7ff6f4f04f8b]
	(No symbol) [0x0x7ff6f4edc8b3]
	(No symbol) [0x0x7ff6f4ea5272]
	(No symbol) [0x0x7ff6f4ea6043]
	GetHandleVerifier [0x0x7ff6f539b9cd+2946349]
	GetHandleVerifier [0x0x7ff6f5395c4a+2922410]
	GetHandleVerifier [0x0x7ff6f53b59d7+3052855]
	GetHandleVerifier [0x0x7ff6f50faa7e+189918]
	GetHandleVerifier [0x0x7ff6f5102a1f+222591]
	GetHandleVerifier [0x0x7ff6f50e8ab4+116244]
	GetHandleVerifier [0x0x7ff6f50e8c69+116681]
	GetHandleVerifier [0x0x7ff6f50cf048+11176]
	BaseThreadInitThunk [0x0x7ffcb4ea259d+29]
	RtlUserThreadStart [0x0x7ffcb6e2af78+40]

2025-09-16 23:48:38,634 - WARNING - Error extracting job card: Message: no such element: Unable to locate element: {"method":"css selector","selector":".job-search-card__title"}
  (Session info: chrome=140.0.7339.128); For documentation on this error, please visit: https://www.selenium.dev/documentation/webdriver/troubleshooting/errors#nosuchelementexception
Stacktrace:
	GetHandleVerifier [0x0x7ff6f50dfc95+79861]
	GetHandleVerifier [0x0x7ff6f50dfcf0+79952]
	(No symbol) [0x0x7ff6f4e5cada]
	(No symbol) [0x0x7ff6f4eb4457]
	(No symbol) [0x0x7ff6f4eb471c]
	(No symbol) [0x0x7ff6f4ea6d0c]
	(No symbol) [0x0x7ff6f4edcb1f]
	(No symbol) [0x0x7ff6f4ea6bc6]
	(No symbol) [0x0x7ff6f4edccf0]
	(No symbol) [0x0x7ff6f4f04f8b]
	(No symbol) [0x0x7ff6f4edc8b3]
	(No symbol) [0x0x7ff6f4ea5272]
	(No symbol) [0x0x7ff6f4ea6043]
	GetHandleVerifier [0x0x7ff6f539b9cd+2946349]
	GetHandleVerifier [0x0x7ff6f5395c4a+2922410]
	GetHandleVerifier [0x0x7ff6f53b59d7+3052855]
	GetHandleVerifier [0x0x7ff6f50faa7e+189918]
	GetHandleVerifier [0x0x7ff6f5102a1f+222591]
	GetHandleVerifier [0x0x7ff6f50e8ab4+116244]
	GetHandleVerifier [0x0x7ff6f50e8c69+116681]
	GetHandleVerifier [0x0x7ff6f50cf048+11176]
	BaseThreadInitThunk [0x0x7ffcb4ea259d+29]
	RtlUserThreadStart [0x0x7ffcb6e2af78+40]

2025-09-16 23:48:38,649 - WARNING - Error extracting job card: Message: no such element: Unable to locate element: {"method":"css selector","selector":".job-search-card__title"}
  (Session info: chrome=140.0.7339.128); For documentation on this error, please visit: https://www.selenium.dev/documentation/webdriver/troubleshooting/errors#nosuchelementexception
Stacktrace:
	GetHandleVerifier [0x0x7ff6f50dfc95+79861]
	GetHandleVerifier [0x0x7ff6f50dfcf0+79952]
	(No symbol) [0x0x7ff6f4e5cada]
	(No symbol) [0x0x7ff6f4eb4457]
	(No symbol) [0x0x7ff6f4eb471c]
	(No symbol) [0x0x7ff6f4ea6d0c]
	(No symbol) [0x0x7ff6f4edcb1f]
	(No symbol) [0x0x7ff6f4ea6bc6]
	(No symbol) [0x0x7ff6f4edccf0]
	(No symbol) [0x0x7ff6f4f04f8b]
	(No symbol) [0x0x7ff6f4edc8b3]
	(No symbol) [0x0x7ff6f4ea5272]
	(No symbol) [0x0x7ff6f4ea6043]
	GetHandleVerifier [0x0x7ff6f539b9cd+2946349]
	GetHandleVerifier [0x0x7ff6f5395c4a+2922410]
	GetHandleVerifier [0x0x7ff6f53b59d7+3052855]
	GetHandleVerifier [0x0x7ff6f50faa7e+189918]
	GetHandleVerifier [0x0x7ff6f5102a1f+222591]
	GetHandleVerifier [0x0x7ff6f50e8ab4+116244]
	GetHandleVerifier [0x0x7ff6f50e8c69+116681]
	GetHandleVerifier [0x0x7ff6f50cf048+11176]
	BaseThreadInitThunk [0x0x7ffcb4ea259d+29]
	RtlUserThreadStart [0x0x7ffcb6e2af78+40]

2025-09-16 23:48:38,662 - WARNING - Error extracting job card: Message: no such element: Unable to locate element: {"method":"css selector","selector":".job-search-card__title"}
  (Session info: chrome=140.0.7339.128); For documentation on this error, please visit: https://www.selenium.dev/documentation/webdriver/troubleshooting/errors#nosuchelementexception
Stacktrace:
	GetHandleVerifier [0x0x7ff6f50dfc95+79861]
	GetHandleVerifier [0x0x7ff6f50dfcf0+79952]
	(No symbol) [0x0x7ff6f4e5cada]
	(No symbol) [0x0x7ff6f4eb4457]
	(No symbol) [0x0x7ff6f4eb471c]
	(No symbol) [0x0x7ff6f4ea6d0c]
	(No symbol) [0x0x7ff6f4edcb1f]
	(No symbol) [0x0x7ff6f4ea6bc6]
	(No symbol) [0x0x7ff6f4edccf0]
	(No symbol) [0x0x7ff6f4f04f8b]
	(No symbol) [0x0x7ff6f4edc8b3]
	(No symbol) [0x0x7ff6f4ea5272]
	(No symbol) [0x0x7ff6f4ea6043]
	GetHandleVerifier [0x0x7ff6f539b9cd+2946349]
	GetHandleVerifier [0x0x7ff6f5395c4a+2922410]
	GetHandleVerifier [0x0x7ff6f53b59d7+3052855]
	GetHandleVerifier [0x0x7ff6f50faa7e+189918]
	GetHandleVerifier [0x0x7ff6f5102a1f+222591]
	GetHandleVerifier [0x0x7ff6f50e8ab4+116244]
	GetHandleVerifier [0x0x7ff6f50e8c69+116681]
	GetHandleVerifier [0x0x7ff6f50cf048+11176]
	BaseThreadInitThunk [0x0x7ffcb4ea259d+29]
	RtlUserThreadStart [0x0x7ffcb6e2af78+40]

2025-09-16 23:48:38,674 - WARNING - Error extracting job card: Message: no such element: Unable to locate element: {"method":"css selector","selector":".job-search-card__title"}
  (Session info: chrome=140.0.7339.128); For documentation on this error, please visit: https://www.selenium.dev/documentation/webdriver/troubleshooting/errors#nosuchelementexception
Stacktrace:
	GetHandleVerifier [0x0x7ff6f50dfc95+79861]
	GetHandleVerifier [0x0x7ff6f50dfcf0+79952]
	(No symbol) [0x0x7ff6f4e5cada]
	(No symbol) [0x0x7ff6f4eb4457]
	(No symbol) [0x0x7ff6f4eb471c]
	(No symbol) [0x0x7ff6f4ea6d0c]
	(No symbol) [0x0x7ff6f4edcb1f]
	(No symbol) [0x0x7ff6f4ea6bc6]
	(No symbol) [0x0x7ff6f4edccf0]
	(No symbol) [0x0x7ff6f4f04f8b]
	(No symbol) [0x0x7ff6f4edc8b3]
	(No symbol) [0x0x7ff6f4ea5272]
	(No symbol) [0x0x7ff6f4ea6043]
	GetHandleVerifier [0x0x7ff6f539b9cd+2946349]
	GetHandleVerifier [0x0x7ff6f5395c4a+2922410]
	GetHandleVerifier [0x0x7ff6f53b59d7+3052855]
	GetHandleVerifier [0x0x7ff6f50faa7e+189918]
	GetHandleVerifier [0x0x7ff6f5102a1f+222591]
	GetHandleVerifier [0x0x7ff6f50e8ab4+116244]
	GetHandleVerifier [0x0x7ff6f50e8c69+116681]
	GetHandleVerifier [0x0x7ff6f50cf048+11176]
	BaseThreadInitThunk [0x0x7ffcb4ea259d+29]
	RtlUserThreadStart [0x0x7ffcb6e2af78+40]

2025-09-16 23:48:38,689 - WARNING - Error extracting job card: Message: no such element: Unable to locate element: {"method":"css selector","selector":".job-search-card__title"}
  (Session info: chrome=140.0.7339.128); For documentation on this error, please visit: https://www.selenium.dev/documentation/webdriver/troubleshooting/errors#nosuchelementexception
Stacktrace:
	GetHandleVerifier [0x0x7ff6f50dfc95+79861]
	GetHandleVerifier [0x0x7ff6f50dfcf0+79952]
	(No symbol) [0x0x7ff6f4e5cada]
	(No symbol) [0x0x7ff6f4eb4457]
	(No symbol) [0x0x7ff6f4eb471c]
	(No symbol) [0x0x7ff6f4ea6d0c]
	(No symbol) [0x0x7ff6f4edcb1f]
	(No symbol) [0x0x7ff6f4ea6bc6]
	(No symbol) [0x0x7ff6f4edccf0]
	(No symbol) [0x0x7ff6f4f04f8b]
	(No symbol) [0x0x7ff6f4edc8b3]
	(No symbol) [0x0x7ff6f4ea5272]
	(No symbol) [0x0x7ff6f4ea6043]
	GetHandleVerifier [0x0x7ff6f539b9cd+2946349]
	GetHandleVerifier [0x0x7ff6f5395c4a+2922410]
	GetHandleVerifier [0x0x7ff6f53b59d7+3052855]
	GetHandleVerifier [0x0x7ff6f50faa7e+189918]
	GetHandleVerifier [0x0x7ff6f5102a1f+222591]
	GetHandleVerifier [0x0x7ff6f50e8ab4+116244]
	GetHandleVerifier [0x0x7ff6f50e8c69+116681]
	GetHandleVerifier [0x0x7ff6f50cf048+11176]
	BaseThreadInitThunk [0x0x7ffcb4ea259d+29]
	RtlUserThreadStart [0x0x7ffcb6e2af78+40]

2025-09-16 23:48:38,706 - WARNING - Error extracting job card: Message: no such element: Unable to locate element: {"method":"css selector","selector":".job-search-card__title"}
  (Session info: chrome=140.0.7339.128); For documentation on this error, please visit: https://www.selenium.dev/documentation/webdriver/troubleshooting/errors#nosuchelementexception
Stacktrace:
	GetHandleVerifier [0x0x7ff6f50dfc95+79861]
	GetHandleVerifier [0x0x7ff6f50dfcf0+79952]
	(No symbol) [0x0x7ff6f4e5cada]
	(No symbol) [0x0x7ff6f4eb4457]
	(No symbol) [0x0x7ff6f4eb471c]
	(No symbol) [0x0x7ff6f4ea6d0c]
	(No symbol) [0x0x7ff6f4edcb1f]
	(No symbol) [0x0x7ff6f4ea6bc6]
	(No symbol) [0x0x7ff6f4edccf0]
	(No symbol) [0x0x7ff6f4f04f8b]
	(No symbol) [0x0x7ff6f4edc8b3]
	(No symbol) [0x0x7ff6f4ea5272]
	(No symbol) [0x0x7ff6f4ea6043]
	GetHandleVerifier [0x0x7ff6f539b9cd+2946349]
	GetHandleVerifier [0x0x7ff6f5395c4a+2922410]
	GetHandleVerifier [0x0x7ff6f53b59d7+3052855]
	GetHandleVerifier [0x0x7ff6f50faa7e+189918]
	GetHandleVerifier [0x0x7ff6f5102a1f+222591]
	GetHandleVerifier [0x0x7ff6f50e8ab4+116244]
	GetHandleVerifier [0x0x7ff6f50e8c69+116681]
	GetHandleVerifier [0x0x7ff6f50cf048+11176]
	BaseThreadInitThunk [0x0x7ffcb4ea259d+29]
	RtlUserThreadStart [0x0x7ffcb6e2af78+40]

2025-09-16 23:48:38,736 - WARNING - Error extracting job card: Message: no such element: Unable to locate element: {"method":"css selector","selector":".job-search-card__title"}
  (Session info: chrome=140.0.7339.128); For documentation on this error, please visit: https://www.selenium.dev/documentation/webdriver/troubleshooting/errors#nosuchelementexception
Stacktrace:
	GetHandleVerifier [0x0x7ff6f50dfc95+79861]
	GetHandleVerifier [0x0x7ff6f50dfcf0+79952]
	(No symbol) [0x0x7ff6f4e5cada]
	(No symbol) [0x0x7ff6f4eb4457]
	(No symbol) [0x0x7ff6f4eb471c]
	(No symbol) [0x0x7ff6f4ea6d0c]
	(No symbol) [0x0x7ff6f4edcb1f]
	(No symbol) [0x0x7ff6f4ea6bc6]
	(No symbol) [0x0x7ff6f4edccf0]
	(No symbol) [0x0x7ff6f4f04f8b]
	(No symbol) [0x0x7ff6f4edc8b3]
	(No symbol) [0x0x7ff6f4ea5272]
	(No symbol) [0x0x7ff6f4ea6043]
	GetHandleVerifier [0x0x7ff6f539b9cd+2946349]
	GetHandleVerifier [0x0x7ff6f5395c4a+2922410]
	GetHandleVerifier [0x0x7ff6f53b59d7+3052855]
	GetHandleVerifier [0x0x7ff6f50faa7e+189918]
	GetHandleVerifier [0x0x7ff6f5102a1f+222591]
	GetHandleVerifier [0x0x7ff6f50e8ab4+116244]
	GetHandleVerifier [0x0x7ff6f50e8c69+116681]
	GetHandleVerifier [0x0x7ff6f50cf048+11176]
	BaseThreadInitThunk [0x0x7ffcb4ea259d+29]
	RtlUserThreadStart [0x0x7ffcb6e2af78+40]

2025-09-16 23:48:38,758 - WARNING - Error extracting job card: Message: no such element: Unable to locate element: {"method":"css selector","selector":".job-search-card__title"}
  (Session info: chrome=140.0.7339.128); For documentation on this error, please visit: https://www.selenium.dev/documentation/webdriver/troubleshooting/errors#nosuchelementexception
Stacktrace:
	GetHandleVerifier [0x0x7ff6f50dfc95+79861]
	GetHandleVerifier [0x0x7ff6f50dfcf0+79952]
	(No symbol) [0x0x7ff6f4e5cada]
	(No symbol) [0x0x7ff6f4eb4457]
	(No symbol) [0x0x7ff6f4eb471c]
	(No symbol) [0x0x7ff6f4ea6d0c]
	(No symbol) [0x0x7ff6f4edcb1f]
	(No symbol) [0x0x7ff6f4ea6bc6]
	(No symbol) [0x0x7ff6f4edccf0]
	(No symbol) [0x0x7ff6f4f04f8b]
	(No symbol) [0x0x7ff6f4edc8b3]
	(No symbol) [0x0x7ff6f4ea5272]
	(No symbol) [0x0x7ff6f4ea6043]
	GetHandleVerifier [0x0x7ff6f539b9cd+2946349]
	GetHandleVerifier [0x0x7ff6f5395c4a+2922410]
	GetHandleVerifier [0x0x7ff6f53b59d7+3052855]
	GetHandleVerifier [0x0x7ff6f50faa7e+189918]
	GetHandleVerifier [0x0x7ff6f5102a1f+222591]
	GetHandleVerifier [0x0x7ff6f50e8ab4+116244]
	GetHandleVerifier [0x0x7ff6f50e8c69+116681]
	GetHandleVerifier [0x0x7ff6f50cf048+11176]
	BaseThreadInitThunk [0x0x7ffcb4ea259d+29]
	RtlUserThreadStart [0x0x7ffcb6e2af78+40]

2025-09-16 23:48:38,775 - WARNING - Error extracting job card: Message: no such element: Unable to locate element: {"method":"css selector","selector":".job-search-card__title"}
  (Session info: chrome=140.0.7339.128); For documentation on this error, please visit: https://www.selenium.dev/documentation/webdriver/troubleshooting/errors#nosuchelementexception
Stacktrace:
	GetHandleVerifier [0x0x7ff6f50dfc95+79861]
	GetHandleVerifier [0x0x7ff6f50dfcf0+79952]
	(No symbol) [0x0x7ff6f4e5cada]
	(No symbol) [0x0x7ff6f4eb4457]
	(No symbol) [0x0x7ff6f4eb471c]
	(No symbol) [0x0x7ff6f4ea6d0c]
	(No symbol) [0x0x7ff6f4edcb1f]
	(No symbol) [0x0x7ff6f4ea6bc6]
	(No symbol) [0x0x7ff6f4edccf0]
	(No symbol) [0x0x7ff6f4f04f8b]
	(No symbol) [0x0x7ff6f4edc8b3]
	(No symbol) [0x0x7ff6f4ea5272]
	(No symbol) [0x0x7ff6f4ea6043]
	GetHandleVerifier [0x0x7ff6f539b9cd+2946349]
	GetHandleVerifier [0x0x7ff6f5395c4a+2922410]
	GetHandleVerifier [0x0x7ff6f53b59d7+3052855]
	GetHandleVerifier [0x0x7ff6f50faa7e+189918]
	GetHandleVerifier [0x0x7ff6f5102a1f+222591]
	GetHandleVerifier [0x0x7ff6f50e8ab4+116244]
	GetHandleVerifier [0x0x7ff6f50e8c69+116681]
	GetHandleVerifier [0x0x7ff6f50cf048+11176]
	BaseThreadInitThunk [0x0x7ffcb4ea259d+29]
	RtlUserThreadStart [0x0x7ffcb6e2af78+40]

2025-09-16 23:48:38,884 - WARNING - Error extracting job card: Message: no such element: Unable to locate element: {"method":"css selector","selector":".job-search-card__title"}
  (Session info: chrome=140.0.7339.128); For documentation on this error, please visit: https://www.selenium.dev/documentation/webdriver/troubleshooting/errors#nosuchelementexception
Stacktrace:
	GetHandleVerifier [0x0x7ff6f50dfc95+79861]
	GetHandleVerifier [0x0x7ff6f50dfcf0+79952]
	(No symbol) [0x0x7ff6f4e5cada]
	(No symbol) [0x0x7ff6f4eb4457]
	(No symbol) [0x0x7ff6f4eb471c]
	(No symbol) [0x0x7ff6f4ea6d0c]
	(No symbol) [0x0x7ff6f4edcb1f]
	(No symbol) [0x0x7ff6f4ea6bc6]
	(No symbol) [0x0x7ff6f4edccf0]
	(No symbol) [0x0x7ff6f4f04f8b]
	(No symbol) [0x0x7ff6f4edc8b3]
	(No symbol) [0x0x7ff6f4ea5272]
	(No symbol) [0x0x7ff6f4ea6043]
	GetHandleVerifier [0x0x7ff6f539b9cd+2946349]
	GetHandleVerifier [0x0x7ff6f5395c4a+2922410]
	GetHandleVerifier [0x0x7ff6f53b59d7+3052855]
	GetHandleVerifier [0x0x7ff6f50faa7e+189918]
	GetHandleVerifier [0x0x7ff6f5102a1f+222591]
	GetHandleVerifier [0x0x7ff6f50e8ab4+116244]
	GetHandleVerifier [0x0x7ff6f50e8c69+116681]
	GetHandleVerifier [0x0x7ff6f50cf048+11176]
	BaseThreadInitThunk [0x0x7ffcb4ea259d+29]
	RtlUserThreadStart [0x0x7ffcb6e2af78+40]

2025-09-16 23:48:38,923 - WARNING - Error extracting job card: Message: no such element: Unable to locate element: {"method":"css selector","selector":".job-search-card__title"}
  (Session info: chrome=140.0.7339.128); For documentation on this error, please visit: https://www.selenium.dev/documentation/webdriver/troubleshooting/errors#nosuchelementexception
Stacktrace:
	GetHandleVerifier [0x0x7ff6f50dfc95+79861]
	GetHandleVerifier [0x0x7ff6f50dfcf0+79952]
	(No symbol) [0x0x7ff6f4e5cada]
	(No symbol) [0x0x7ff6f4eb4457]
	(No symbol) [0x0x7ff6f4eb471c]
	(No symbol) [0x0x7ff6f4ea6d0c]
	(No symbol) [0x0x7ff6f4edcb1f]
	(No symbol) [0x0x7ff6f4ea6bc6]
	(No symbol) [0x0x7ff6f4edccf0]
	(No symbol) [0x0x7ff6f4f04f8b]
	(No symbol) [0x0x7ff6f4edc8b3]
	(No symbol) [0x0x7ff6f4ea5272]
	(No symbol) [0x0x7ff6f4ea6043]
	GetHandleVerifier [0x0x7ff6f539b9cd+2946349]
	GetHandleVerifier [0x0x7ff6f5395c4a+2922410]
	GetHandleVerifier [0x0x7ff6f53b59d7+3052855]
	GetHandleVerifier [0x0x7ff6f50faa7e+189918]
	GetHandleVerifier [0x0x7ff6f5102a1f+222591]
	GetHandleVerifier [0x0x7ff6f50e8ab4+116244]
	GetHandleVerifier [0x0x7ff6f50e8c69+116681]
	GetHandleVerifier [0x0x7ff6f50cf048+11176]
	BaseThreadInitThunk [0x0x7ffcb4ea259d+29]
	RtlUserThreadStart [0x0x7ffcb6e2af78+40]

2025-09-16 23:48:38,940 - WARNING - Error extracting job card: Message: no such element: Unable to locate element: {"method":"css selector","selector":".job-search-card__title"}
  (Session info: chrome=140.0.7339.128); For documentation on this error, please visit: https://www.selenium.dev/documentation/webdriver/troubleshooting/errors#nosuchelementexception
Stacktrace:
	GetHandleVerifier [0x0x7ff6f50dfc95+79861]
	GetHandleVerifier [0x0x7ff6f50dfcf0+79952]
	(No symbol) [0x0x7ff6f4e5cada]
	(No symbol) [0x0x7ff6f4eb4457]
	(No symbol) [0x0x7ff6f4eb471c]
	(No symbol) [0x0x7ff6f4ea6d0c]
	(No symbol) [0x0x7ff6f4edcb1f]
	(No symbol) [0x0x7ff6f4ea6bc6]
	(No symbol) [0x0x7ff6f4edccf0]
	(No symbol) [0x0x7ff6f4f04f8b]
	(No symbol) [0x0x7ff6f4edc8b3]
	(No symbol) [0x0x7ff6f4ea5272]
	(No symbol) [0x0x7ff6f4ea6043]
	GetHandleVerifier [0x0x7ff6f539b9cd+2946349]
	GetHandleVerifier [0x0x7ff6f5395c4a+2922410]
	GetHandleVerifier [0x0x7ff6f53b59d7+3052855]
	GetHandleVerifier [0x0x7ff6f50faa7e+189918]
	GetHandleVerifier [0x0x7ff6f5102a1f+222591]
	GetHandleVerifier [0x0x7ff6f50e8ab4+116244]
	GetHandleVerifier [0x0x7ff6f50e8c69+116681]
	GetHandleVerifier [0x0x7ff6f50cf048+11176]
	BaseThreadInitThunk [0x0x7ffcb4ea259d+29]
	RtlUserThreadStart [0x0x7ffcb6e2af78+40]

2025-09-16 23:48:38,955 - WARNING - Error extracting job card: Message: no such element: Unable to locate element: {"method":"css selector","selector":".job-search-card__title"}
  (Session info: chrome=140.0.7339.128); For documentation on this error, please visit: https://www.selenium.dev/documentation/webdriver/troubleshooting/errors#nosuchelementexception
Stacktrace:
	GetHandleVerifier [0x0x7ff6f50dfc95+79861]
	GetHandleVerifier [0x0x7ff6f50dfcf0+79952]
	(No symbol) [0x0x7ff6f4e5cada]
	(No symbol) [0x0x7ff6f4eb4457]
	(No symbol) [0x0x7ff6f4eb471c]
	(No symbol) [0x0x7ff6f4ea6d0c]
	(No symbol) [0x0x7ff6f4edcb1f]
	(No symbol) [0x0x7ff6f4ea6bc6]
	(No symbol) [0x0x7ff6f4edccf0]
	(No symbol) [0x0x7ff6f4f04f8b]
	(No symbol) [0x0x7ff6f4edc8b3]
	(No symbol) [0x0x7ff6f4ea5272]
	(No symbol) [0x0x7ff6f4ea6043]
	GetHandleVerifier [0x0x7ff6f539b9cd+2946349]
	GetHandleVerifier [0x0x7ff6f5395c4a+2922410]
	GetHandleVerifier [0x0x7ff6f53b59d7+3052855]
	GetHandleVerifier [0x0x7ff6f50faa7e+189918]
	GetHandleVerifier [0x0x7ff6f5102a1f+222591]
	GetHandleVerifier [0x0x7ff6f50e8ab4+116244]
	GetHandleVerifier [0x0x7ff6f50e8c69+116681]
	GetHandleVerifier [0x0x7ff6f50cf048+11176]
	BaseThreadInitThunk [0x0x7ffcb4ea259d+29]
	RtlUserThreadStart [0x0x7ffcb6e2af78+40]

2025-09-16 23:48:38,971 - WARNING - Error extracting job card: Message: no such element: Unable to locate element: {"method":"css selector","selector":".job-search-card__title"}
  (Session info: chrome=140.0.7339.128); For documentation on this error, please visit: https://www.selenium.dev/documentation/webdriver/troubleshooting/errors#nosuchelementexception
Stacktrace:
	GetHandleVerifier [0x0x7ff6f50dfc95+79861]
	GetHandleVerifier [0x0x7ff6f50dfcf0+79952]
	(No symbol) [0x0x7ff6f4e5cada]
	(No symbol) [0x0x7ff6f4eb4457]
	(No symbol) [0x0x7ff6f4eb471c]
	(No symbol) [0x0x7ff6f4ea6d0c]
	(No symbol) [0x0x7ff6f4edcb1f]
	(No symbol) [0x0x7ff6f4ea6bc6]
	(No symbol) [0x0x7ff6f4edccf0]
	(No symbol) [0x0x7ff6f4f04f8b]
	(No symbol) [0x0x7ff6f4edc8b3]
	(No symbol) [0x0x7ff6f4ea5272]
	(No symbol) [0x0x7ff6f4ea6043]
	GetHandleVerifier [0x0x7ff6f539b9cd+2946349]
	GetHandleVerifier [0x0x7ff6f5395c4a+2922410]
	GetHandleVerifier [0x0x7ff6f53b59d7+3052855]
	GetHandleVerifier [0x0x7ff6f50faa7e+189918]
	GetHandleVerifier [0x0x7ff6f5102a1f+222591]
	GetHandleVerifier [0x0x7ff6f50e8ab4+116244]
	GetHandleVerifier [0x0x7ff6f50e8c69+116681]
	GetHandleVerifier [0x0x7ff6f50cf048+11176]
	BaseThreadInitThunk [0x0x7ffcb4ea259d+29]
	RtlUserThreadStart [0x0x7ffcb6e2af78+40]

2025-09-16 23:48:38,983 - WARNING - Error extracting job card: Message: no such element: Unable to locate element: {"method":"css selector","selector":".job-search-card__title"}
  (Session info: chrome=140.0.7339.128); For documentation on this error, please visit: https://www.selenium.dev/documentation/webdriver/troubleshooting/errors#nosuchelementexception
Stacktrace:
	GetHandleVerifier [0x0x7ff6f50dfc95+79861]
	GetHandleVerifier [0x0x7ff6f50dfcf0+79952]
	(No symbol) [0x0x7ff6f4e5cada]
	(No symbol) [0x0x7ff6f4eb4457]
	(No symbol) [0x0x7ff6f4eb471c]
	(No symbol) [0x0x7ff6f4ea6d0c]
	(No symbol) [0x0x7ff6f4edcb1f]
	(No symbol) [0x0x7ff6f4ea6bc6]
	(No symbol) [0x0x7ff6f4edccf0]
	(No symbol) [0x0x7ff6f4f04f8b]
	(No symbol) [0x0x7ff6f4edc8b3]
	(No symbol) [0x0x7ff6f4ea5272]
	(No symbol) [0x0x7ff6f4ea6043]
	GetHandleVerifier [0x0x7ff6f539b9cd+2946349]
	GetHandleVerifier [0x0x7ff6f5395c4a+2922410]
	GetHandleVerifier [0x0x7ff6f53b59d7+3052855]
	GetHandleVerifier [0x0x7ff6f50faa7e+189918]
	GetHandleVerifier [0x0x7ff6f5102a1f+222591]
	GetHandleVerifier [0x0x7ff6f50e8ab4+116244]
	GetHandleVerifier [0x0x7ff6f50e8c69+116681]
	GetHandleVerifier [0x0x7ff6f50cf048+11176]
	BaseThreadInitThunk [0x0x7ffcb4ea259d+29]
	RtlUserThreadStart [0x0x7ffcb6e2af78+40]

2025-09-16 23:48:38,996 - WARNING - Error extracting job card: Message: no such element: Unable to locate element: {"method":"css selector","selector":".job-search-card__title"}
  (Session info: chrome=140.0.7339.128); For documentation on this error, please visit: https://www.selenium.dev/documentation/webdriver/troubleshooting/errors#nosuchelementexception
Stacktrace:
	GetHandleVerifier [0x0x7ff6f50dfc95+79861]
	GetHandleVerifier [0x0x7ff6f50dfcf0+79952]
	(No symbol) [0x0x7ff6f4e5cada]
	(No symbol) [0x0x7ff6f4eb4457]
	(No symbol) [0x0x7ff6f4eb471c]
	(No symbol) [0x0x7ff6f4ea6d0c]
	(No symbol) [0x0x7ff6f4edcb1f]
	(No symbol) [0x0x7ff6f4ea6bc6]
	(No symbol) [0x0x7ff6f4edccf0]
	(No symbol) [0x0x7ff6f4f04f8b]
	(No symbol) [0x0x7ff6f4edc8b3]
	(No symbol) [0x0x7ff6f4ea5272]
	(No symbol) [0x0x7ff6f4ea6043]
	GetHandleVerifier [0x0x7ff6f539b9cd+2946349]
	GetHandleVerifier [0x0x7ff6f5395c4a+2922410]
	GetHandleVerifier [0x0x7ff6f53b59d7+3052855]
	GetHandleVerifier [0x0x7ff6f50faa7e+189918]
	GetHandleVerifier [0x0x7ff6f5102a1f+222591]
	GetHandleVerifier [0x0x7ff6f50e8ab4+116244]
	GetHandleVerifier [0x0x7ff6f50e8c69+116681]
	GetHandleVerifier [0x0x7ff6f50cf048+11176]
	BaseThreadInitThunk [0x0x7ffcb4ea259d+29]
	RtlUserThreadStart [0x0x7ffcb6e2af78+40]

2025-09-16 23:48:39,000 - INFO - Found 0 AI/ML jobs
2025-09-16 23:48:39,009 - INFO - Saved 0 jobs to database
2025-09-16 23:48:41,400 - INFO - Pipeline completed successfully!
2025-09-16 23:49:17,013 - ERROR - Failed to send email to services.ContactAboutcontact@pixeltalent.inEnter: (535, b'5.7.8 Username and Password not accepted. For more information, go to\n5.7.8  https://support.google.com/mail/?p=BadCredentials d2e1a72fcca58-77607b346dasm17063236b3a.68 - gsmtp')
